<?xml version="1.0" encoding="UTF-8"?>
<coverage generated="1629029060587" clover="3.2.0">
  <project timestamp="1629029060587" name="All files">
    <metrics statements="168" coveredstatements="164" conditionals="75" coveredconditionals="71" methods="28" coveredmethods="28" elements="271" coveredelements="263" complexity="0" loc="168" ncloc="168" packages="2" files="5" classes="5"/>
    <package name="src">
      <metrics statements="152" coveredstatements="148" conditionals="67" coveredconditionals="63" methods="25" coveredmethods="25"/>
      <file name="ArgumentParsing.ts" path="C:\Users\Maxence Minguet\Documents\Developement\avaloq\letter-printer\src\ArgumentParsing.ts">
        <metrics statements="79" coveredstatements="75" conditionals="35" coveredconditionals="34" methods="12" coveredmethods="12"/>
        <line num="2" count="2" type="stmt"/>
        <line num="4" count="2" type="stmt"/>
        <line num="5" count="2" type="stmt"/>
        <line num="6" count="2" type="stmt"/>
        <line num="9" count="18" type="stmt"/>
        <line num="11" count="18" type="stmt"/>
        <line num="13" count="18" type="stmt"/>
        <line num="14" count="18" type="stmt"/>
        <line num="17" count="18" type="stmt"/>
        <line num="18" count="18" type="cond" truecount="2" falsecount="0"/>
        <line num="19" count="1" type="stmt"/>
        <line num="20" count="1" type="stmt"/>
        <line num="21" count="17" type="cond" truecount="2" falsecount="0"/>
        <line num="22" count="1" type="stmt"/>
        <line num="23" count="1" type="stmt"/>
        <line num="24" count="16" type="cond" truecount="2" falsecount="0"/>
        <line num="25" count="2" type="stmt"/>
        <line num="26" count="2" type="stmt"/>
        <line num="27" count="14" type="cond" truecount="4" falsecount="0"/>
        <line num="28" count="4" type="stmt"/>
        <line num="29" count="4" type="stmt"/>
        <line num="30" count="10" type="cond" truecount="2" falsecount="0"/>
        <line num="31" count="2" type="stmt"/>
        <line num="32" count="2" type="stmt"/>
        <line num="34" count="8" type="stmt"/>
        <line num="37" count="18" type="stmt"/>
        <line num="38" count="5" type="cond" truecount="2" falsecount="0"/>
        <line num="39" count="1" type="stmt"/>
        <line num="40" count="1" type="stmt"/>
        <line num="41" count="1" type="stmt"/>
        <line num="43" count="5" type="stmt"/>
        <line num="49" count="18" type="stmt"/>
        <line num="50" count="16" type="cond" truecount="2" falsecount="0"/>
        <line num="54" count="14" type="stmt"/>
        <line num="56" count="2" type="stmt"/>
        <line num="59" count="18" type="stmt"/>
        <line num="60" count="10" type="stmt"/>
        <line num="61" count="10" type="stmt"/>
        <line num="62" count="10" type="stmt"/>
        <line num="63" count="10" type="stmt"/>
        <line num="64" count="10" type="stmt"/>
        <line num="65" count="9" type="cond" truecount="4" falsecount="0"/>
        <line num="66" count="8" type="stmt"/>
        <line num="67" count="8" type="stmt"/>
        <line num="68" count="18" type="cond" truecount="5" falsecount="0"/>
        <line num="69" count="2" type="stmt"/>
        <line num="71" count="16" type="stmt"/>
        <line num="74" count="8" type="cond" truecount="2" falsecount="0"/>
        <line num="75" count="2" type="stmt"/>
        <line num="77" count="8" type="stmt"/>
        <line num="79" count="1" type="stmt"/>
        <line num="80" count="1" type="stmt"/>
        <line num="82" count="1" type="stmt"/>
        <line num="83" count="1" type="stmt"/>
        <line num="87" count="18" type="stmt"/>
        <line num="88" count="10" type="stmt"/>
        <line num="89" count="10" type="stmt"/>
        <line num="90" count="10" type="cond" truecount="1" falsecount="1"/>
        <line num="91" count="10" type="cond" truecount="2" falsecount="0"/>
        <line num="92" count="1" type="stmt"/>
        <line num="93" count="1" type="stmt"/>
        <line num="95" count="9" type="cond" truecount="2" falsecount="0"/>
        <line num="96" count="1" type="stmt"/>
        <line num="97" count="1" type="stmt"/>
        <line num="99" count="8" type="stmt"/>
        <line num="101" count="0" type="stmt"/>
        <line num="102" count="0" type="stmt"/>
        <line num="104" count="0" type="stmt"/>
        <line num="105" count="0" type="stmt"/>
        <line num="109" count="18" type="stmt"/>
        <line num="110" count="10" type="stmt"/>
        <line num="123" count="18" type="stmt"/>
        <line num="124" count="1" type="stmt"/>
        <line num="128" count="18" type="stmt"/>
        <line num="129" count="1" type="stmt"/>
        <line num="133" count="18" type="stmt"/>
        <line num="134" count="2" type="stmt"/>
        <line num="137" count="2" type="stmt"/>
        <line num="139" count="2" type="stmt"/>
      </file>
      <file name="LetterDraw.ts" path="C:\Users\Maxence Minguet\Documents\Developement\avaloq\letter-printer\src\LetterDraw.ts">
        <metrics statements="61" coveredstatements="61" conditionals="30" coveredconditionals="27" methods="11" coveredmethods="11"/>
        <line num="1" count="2" type="stmt"/>
        <line num="2" count="2" type="stmt"/>
        <line num="12" count="2" type="stmt"/>
        <line num="13" count="2" type="stmt"/>
        <line num="16" count="4" type="cond" truecount="1" falsecount="1"/>
        <line num="17" count="8" type="cond" truecount="1" falsecount="1"/>
        <line num="19" count="4" type="stmt"/>
        <line num="20" count="4" type="stmt"/>
        <line num="21" count="4" type="stmt"/>
        <line num="22" count="4" type="stmt"/>
        <line num="23" count="4" type="cond" truecount="2" falsecount="0"/>
        <line num="25" count="4" type="cond" truecount="2" falsecount="0"/>
        <line num="26" count="2" type="stmt"/>
        <line num="28" count="6" type="stmt"/>
        <line num="30" count="2" type="stmt"/>
        <line num="35" count="2" type="stmt"/>
        <line num="40" count="2" type="stmt"/>
        <line num="49" count="2" type="stmt"/>
        <line num="50" count="10" type="stmt"/>
        <line num="51" count="10" type="stmt"/>
        <line num="53" count="25" type="stmt"/>
        <line num="55" count="10" type="stmt"/>
        <line num="63" count="5" type="stmt"/>
        <line num="65" count="10" type="stmt"/>
        <line num="72" count="2" type="stmt"/>
        <line num="75" count="2" type="stmt"/>
        <line num="79" count="6" type="stmt"/>
        <line num="80" count="6" type="stmt"/>
        <line num="81" count="54" type="stmt"/>
        <line num="84" count="6" type="stmt"/>
        <line num="87" count="2" type="stmt"/>
        <line num="88" count="140" type="stmt"/>
        <line num="89" count="28" type="cond" truecount="2" falsecount="0"/>
        <line num="90" count="4" type="stmt"/>
        <line num="91" count="24" type="cond" truecount="2" falsecount="0"/>
        <line num="92" count="4" type="stmt"/>
        <line num="98" count="20" type="stmt"/>
        <line num="106" count="2" type="stmt"/>
        <line num="107" count="115" type="stmt"/>
        <line num="108" count="23" type="cond" truecount="2" falsecount="0"/>
        <line num="109" count="3" type="stmt"/>
        <line num="110" count="20" type="cond" truecount="2" falsecount="0"/>
        <line num="111" count="3" type="stmt"/>
        <line num="112" count="17" type="cond" truecount="2" falsecount="0"/>
        <line num="113" count="3" type="stmt"/>
        <line num="115" count="14" type="stmt"/>
        <line num="119" count="2" type="stmt"/>
        <line num="120" count="140" type="stmt"/>
        <line num="121" count="28" type="cond" truecount="2" falsecount="0"/>
        <line num="122" count="4" type="stmt"/>
        <line num="123" count="24" type="cond" truecount="2" falsecount="0"/>
        <line num="124" count="4" type="stmt"/>
        <line num="126" count="20" type="stmt"/>
        <line num="130" count="2" type="stmt"/>
        <line num="135" count="17" type="stmt"/>
        <line num="138" count="2" type="stmt"/>
        <line num="139" count="8" type="stmt"/>
        <line num="142" count="82" type="cond" truecount="1" falsecount="1"/>
        <line num="143" count="82" type="stmt"/>
        <line num="145" count="2" type="stmt"/>
        <line num="147" count="2" type="stmt"/>
      </file>
      <file name="LetterGenerator.ts" path="C:\Users\Maxence Minguet\Documents\Developement\avaloq\letter-printer\src\LetterGenerator.ts">
        <metrics statements="12" coveredstatements="12" conditionals="2" coveredconditionals="2" methods="2" coveredmethods="2"/>
        <line num="3" count="1" type="stmt"/>
        <line num="4" count="1" type="stmt"/>
        <line num="6" count="1" type="stmt"/>
        <line num="7" count="1" type="stmt"/>
        <line num="8" count="3" type="stmt"/>
        <line num="10" count="3" type="cond" truecount="2" falsecount="0"/>
        <line num="11" count="2" type="stmt"/>
        <line num="12" count="2" type="stmt"/>
        <line num="13" count="2" type="stmt"/>
        <line num="16" count="1" type="stmt"/>
        <line num="18" count="1" type="stmt"/>
        <line num="20" count="1" type="stmt"/>
      </file>
    </package>
    <package name="src.model">
      <metrics statements="16" coveredstatements="16" conditionals="8" coveredconditionals="8" methods="3" coveredmethods="3"/>
      <file name="AxeEnum.ts" path="C:\Users\Maxence Minguet\Documents\Developement\avaloq\letter-printer\src\model\AxeEnum.ts">
        <metrics statements="4" coveredstatements="4" conditionals="2" coveredconditionals="2" methods="1" coveredmethods="1"/>
        <line num="1" count="2" type="cond" truecount="2" falsecount="0"/>
        <line num="2" count="2" type="stmt"/>
        <line num="3" count="2" type="stmt"/>
        <line num="6" count="2" type="stmt"/>
      </file>
      <file name="LetterEnum.ts" path="C:\Users\Maxence Minguet\Documents\Developement\avaloq\letter-printer\src\model\LetterEnum.ts">
        <metrics statements="12" coveredstatements="12" conditionals="6" coveredconditionals="6" methods="2" coveredmethods="2"/>
        <line num="1" count="4" type="cond" truecount="2" falsecount="0"/>
        <line num="2" count="4" type="stmt"/>
        <line num="3" count="4" type="stmt"/>
        <line num="4" count="4" type="stmt"/>
        <line num="5" count="4" type="stmt"/>
        <line num="8" count="4" type="stmt"/>
        <line num="9" count="20" type="stmt"/>
        <line num="11" count="9" type="stmt"/>
        <line num="13" count="5" type="stmt"/>
        <line num="15" count="5" type="stmt"/>
        <line num="17" count="1" type="stmt"/>
        <line num="21" count="4" type="stmt"/>
      </file>
    </package>
  </project>
</coverage>
