{"C:\\Users\\Maxence Minguet\\Documents\\Developement\\avaloq\\letter-printer\\src\\ArgumentParsing.ts": {"path":"C:\\Users\\Maxence Minguet\\Documents\\Developement\\avaloq\\letter-printer\\src\\ArgumentParsing.ts","statementMap":{"0":{"start":{"line":2,"column":0},"end":{"line":2,"column":62}},"1":{"start":{"line":4,"column":0},"end":{"line":4,"column":null}},"2":{"start":{"line":11,"column":2},"end":{"line":11,"column":14}},"3":{"start":{"line":9,"column":10},"end":{"line":9,"column":41}},"4":{"start":{"line":17,"column":9},"end":{"line":35,"column":4}},"5":{"start":{"line":18,"column":4},"end":{"line":33,"column":null}},"6":{"start":{"line":19,"column":6},"end":{"line":19,"column":62}},"7":{"start":{"line":20,"column":6},"end":{"line":20,"column":19}},"8":{"start":{"line":21,"column":11},"end":{"line":33,"column":null}},"9":{"start":{"line":22,"column":6},"end":{"line":22,"column":67}},"10":{"start":{"line":23,"column":6},"end":{"line":23,"column":19}},"11":{"start":{"line":24,"column":11},"end":{"line":33,"column":null}},"12":{"start":{"line":25,"column":6},"end":{"line":25,"column":84}},"13":{"start":{"line":26,"column":6},"end":{"line":26,"column":19}},"14":{"start":{"line":27,"column":11},"end":{"line":33,"column":null}},"15":{"start":{"line":28,"column":6},"end":{"line":28,"column":41}},"16":{"start":{"line":29,"column":6},"end":{"line":29,"column":19}},"17":{"start":{"line":30,"column":11},"end":{"line":33,"column":null}},"18":{"start":{"line":31,"column":6},"end":{"line":31,"column":41}},"19":{"start":{"line":32,"column":6},"end":{"line":32,"column":19}},"20":{"start":{"line":34,"column":4},"end":{"line":34,"column":16}},"21":{"start":{"line":37,"column":9},"end":{"line":47,"column":4}},"22":{"start":{"line":38,"column":4},"end":{"line":42,"column":null}},"23":{"start":{"line":39,"column":6},"end":{"line":39,"column":42}},"24":{"start":{"line":40,"column":6},"end":{"line":40,"column":42}},"25":{"start":{"line":41,"column":6},"end":{"line":41,"column":42}},"26":{"start":{"line":43,"column":4},"end":{"line":46,"column":6}},"27":{"start":{"line":49,"column":10},"end":{"line":57,"column":4}},"28":{"start":{"line":50,"column":4},"end":{"line":55,"column":null}},"29":{"start":{"line":54,"column":6},"end":{"line":54,"column":18}},"30":{"start":{"line":56,"column":4},"end":{"line":56,"column":17}},"31":{"start":{"line":59,"column":10},"end":{"line":85,"column":4}},"32":{"start":{"line":60,"column":23},"end":{"line":60,"column":50}},"33":{"start":{"line":61,"column":4},"end":{"line":61,"column":50}},"34":{"start":{"line":62,"column":4},"end":{"line":62,"column":64}},"35":{"start":{"line":63,"column":4},"end":{"line":84,"column":null}},"36":{"start":{"line":64,"column":32},"end":{"line":64,"column":56}},"37":{"start":{"line":65,"column":6},"end":{"line":78,"column":null}},"38":{"start":{"line":66,"column":22},"end":{"line":66,"column":26}},"39":{"start":{"line":67,"column":8},"end":{"line":73,"column":11}},"40":{"start":{"line":68,"column":10},"end":{"line":72,"column":null}},"41":{"start":{"line":69,"column":12},"end":{"line":69,"column":28}},"42":{"start":{"line":71,"column":12},"end":{"line":71,"column":56}},"43":{"start":{"line":74,"column":8},"end":{"line":76,"column":null}},"44":{"start":{"line":75,"column":10},"end":{"line":75,"column":86}},"45":{"start":{"line":77,"column":8},"end":{"line":77,"column":23}},"46":{"start":{"line":79,"column":6},"end":{"line":79,"column":57}},"47":{"start":{"line":80,"column":6},"end":{"line":80,"column":19}},"48":{"start":{"line":82,"column":6},"end":{"line":82,"column":59}},"49":{"start":{"line":83,"column":6},"end":{"line":83,"column":19}},"50":{"start":{"line":87,"column":10},"end":{"line":107,"column":4}},"51":{"start":{"line":88,"column":4},"end":{"line":106,"column":null}},"52":{"start":{"line":89,"column":27},"end":{"line":89,"column":38}},"53":{"start":{"line":90,"column":6},"end":{"line":100,"column":null}},"54":{"start":{"line":91,"column":8},"end":{"line":94,"column":null}},"55":{"start":{"line":92,"column":10},"end":{"line":92,"column":90}},"56":{"start":{"line":93,"column":10},"end":{"line":93,"column":23}},"57":{"start":{"line":95,"column":8},"end":{"line":98,"column":null}},"58":{"start":{"line":96,"column":10},"end":{"line":96,"column":87}},"59":{"start":{"line":97,"column":10},"end":{"line":97,"column":23}},"60":{"start":{"line":99,"column":8},"end":{"line":99,"column":20}},"61":{"start":{"line":101,"column":6},"end":{"line":101,"column":79}},"62":{"start":{"line":102,"column":6},"end":{"line":102,"column":19}},"63":{"start":{"line":104,"column":6},"end":{"line":104,"column":79}},"64":{"start":{"line":105,"column":6},"end":{"line":105,"column":19}},"65":{"start":{"line":109,"column":10},"end":{"line":121,"column":4}},"66":{"start":{"line":110,"column":4},"end":{"line":120,"column":6}},"67":{"start":{"line":123,"column":10},"end":{"line":126,"column":4}},"68":{"start":{"line":124,"column":4},"end":{"line":125,"column":33}},"69":{"start":{"line":128,"column":10},"end":{"line":131,"column":4}},"70":{"start":{"line":129,"column":4},"end":{"line":130,"column":38}},"71":{"start":{"line":133,"column":10},"end":{"line":136,"column":4}},"72":{"start":{"line":134,"column":4},"end":{"line":135,"column":39}},"73":{"start":{"line":13,"column":4},"end":{"line":13,"column":37}},"74":{"start":{"line":14,"column":4},"end":{"line":14,"column":31}},"75":{"start":{"line":5,"column":17},"end":{"line":5,"column":69}},"76":{"start":{"line":6,"column":17},"end":{"line":6,"column":65}},"77":{"start":{"line":137,"column":0},"end":{"line":137,"column":null}},"78":{"start":{"line":139,"column":0},"end":{"line":139,"column":31}}},"fnMap":{"0":{"name":"(anonymous_6)","decl":{"start":{"line":4,"column":0},"end":{"line":4,"column":null}},"loc":{"start":{"line":4,"column":0},"end":{"line":4,"column":null}}},"1":{"name":"ArgumentParsing","decl":{"start":{"line":11,"column":2},"end":{"line":11,"column":14}},"loc":{"start":{"line":11,"column":28},"end":{"line":15,"column":3}}},"2":{"name":"(anonymous_8)","decl":{"start":{"line":17,"column":27},"end":{"line":17,"column":null}},"loc":{"start":{"line":17,"column":27},"end":{"line":35,"column":3}}},"3":{"name":"(anonymous_9)","decl":{"start":{"line":37,"column":23},"end":{"line":37,"column":null}},"loc":{"start":{"line":37,"column":23},"end":{"line":47,"column":3}}},"4":{"name":"(anonymous_10)","decl":{"start":{"line":49,"column":26},"end":{"line":49,"column":27}},"loc":{"start":{"line":49,"column":43},"end":{"line":57,"column":3}}},"5":{"name":"(anonymous_11)","decl":{"start":{"line":59,"column":24},"end":{"line":59,"column":25}},"loc":{"start":{"line":59,"column":42},"end":{"line":85,"column":3}}},"6":{"name":"(anonymous_12)","decl":{"start":{"line":67,"column":24},"end":{"line":67,"column":25}},"loc":{"start":{"line":67,"column":31},"end":{"line":73,"column":9}}},"7":{"name":"(anonymous_13)","decl":{"start":{"line":87,"column":28},"end":{"line":87,"column":29}},"loc":{"start":{"line":87,"column":47},"end":{"line":107,"column":3}}},"8":{"name":"(anonymous_14)","decl":{"start":{"line":109,"column":20},"end":{"line":109,"column":null}},"loc":{"start":{"line":109,"column":20},"end":{"line":121,"column":3}}},"9":{"name":"(anonymous_15)","decl":{"start":{"line":123,"column":24},"end":{"line":123,"column":null}},"loc":{"start":{"line":123,"column":24},"end":{"line":126,"column":3}}},"10":{"name":"(anonymous_16)","decl":{"start":{"line":128,"column":29},"end":{"line":128,"column":null}},"loc":{"start":{"line":128,"column":29},"end":{"line":131,"column":3}}},"11":{"name":"(anonymous_17)","decl":{"start":{"line":133,"column":34},"end":{"line":133,"column":35}},"loc":{"start":{"line":133,"column":51},"end":{"line":136,"column":3}}}},"branchMap":{"0":{"loc":{"start":{"line":18,"column":4},"end":{"line":33,"column":null}},"type":"if","locations":[{"start":{"line":18,"column":4},"end":{"line":33,"column":null}},{"start":{"line":18,"column":4},"end":{"line":33,"column":null}}]},"1":{"loc":{"start":{"line":21,"column":11},"end":{"line":33,"column":null}},"type":"if","locations":[{"start":{"line":21,"column":11},"end":{"line":33,"column":null}},{"start":{"line":21,"column":11},"end":{"line":33,"column":null}}]},"2":{"loc":{"start":{"line":24,"column":11},"end":{"line":33,"column":null}},"type":"if","locations":[{"start":{"line":24,"column":11},"end":{"line":33,"column":null}},{"start":{"line":24,"column":11},"end":{"line":33,"column":null}}]},"3":{"loc":{"start":{"line":27,"column":11},"end":{"line":33,"column":null}},"type":"if","locations":[{"start":{"line":27,"column":11},"end":{"line":33,"column":null}},{"start":{"line":27,"column":11},"end":{"line":33,"column":null}}]},"4":{"loc":{"start":{"line":27,"column":15},"end":{"line":27,"column":35}},"type":"binary-expr","locations":[{"start":{"line":27,"column":15},"end":{"line":27,"column":35}},{"start":{"line":27,"column":39},"end":{"line":27,"column":70}}]},"5":{"loc":{"start":{"line":30,"column":11},"end":{"line":33,"column":null}},"type":"if","locations":[{"start":{"line":30,"column":11},"end":{"line":33,"column":null}},{"start":{"line":30,"column":11},"end":{"line":33,"column":null}}]},"6":{"loc":{"start":{"line":38,"column":4},"end":{"line":42,"column":null}},"type":"if","locations":[{"start":{"line":38,"column":4},"end":{"line":42,"column":null}},{"start":{"line":38,"column":4},"end":{"line":42,"column":null}}]},"7":{"loc":{"start":{"line":50,"column":4},"end":{"line":55,"column":null}},"type":"if","locations":[{"start":{"line":50,"column":4},"end":{"line":55,"column":null}},{"start":{"line":50,"column":4},"end":{"line":55,"column":null}}]},"8":{"loc":{"start":{"line":51,"column":6},"end":{"line":51,"column":65}},"type":"binary-expr","locations":[{"start":{"line":51,"column":6},"end":{"line":51,"column":65}},{"start":{"line":52,"column":6},"end":{"line":52,"column":63}}]},"9":{"loc":{"start":{"line":65,"column":6},"end":{"line":78,"column":null}},"type":"if","locations":[{"start":{"line":65,"column":6},"end":{"line":78,"column":null}},{"start":{"line":65,"column":6},"end":{"line":78,"column":null}}]},"10":{"loc":{"start":{"line":65,"column":10},"end":{"line":65,"column":17}},"type":"binary-expr","locations":[{"start":{"line":65,"column":10},"end":{"line":65,"column":17}},{"start":{"line":65,"column":21},"end":{"line":65,"column":39}}]},"11":{"loc":{"start":{"line":68,"column":10},"end":{"line":72,"column":null}},"type":"if","locations":[{"start":{"line":68,"column":10},"end":{"line":72,"column":null}},{"start":{"line":68,"column":10},"end":{"line":72,"column":null}}]},"12":{"loc":{"start":{"line":68,"column":14},"end":{"line":68,"column":28}},"type":"binary-expr","locations":[{"start":{"line":68,"column":14},"end":{"line":68,"column":28}},{"start":{"line":68,"column":32},"end":{"line":68,"column":46}},{"start":{"line":68,"column":50},"end":{"line":68,"column":64}}]},"13":{"loc":{"start":{"line":74,"column":8},"end":{"line":76,"column":null}},"type":"if","locations":[{"start":{"line":74,"column":8},"end":{"line":76,"column":null}},{"start":{"line":74,"column":8},"end":{"line":76,"column":null}}]},"14":{"loc":{"start":{"line":90,"column":6},"end":{"line":100,"column":null}},"type":"if","locations":[{"start":{"line":90,"column":6},"end":{"line":100,"column":null}},{"start":{"line":90,"column":6},"end":{"line":100,"column":null}}]},"15":{"loc":{"start":{"line":91,"column":8},"end":{"line":94,"column":null}},"type":"if","locations":[{"start":{"line":91,"column":8},"end":{"line":94,"column":null}},{"start":{"line":91,"column":8},"end":{"line":94,"column":null}}]},"16":{"loc":{"start":{"line":95,"column":8},"end":{"line":98,"column":null}},"type":"if","locations":[{"start":{"line":95,"column":8},"end":{"line":98,"column":null}},{"start":{"line":95,"column":8},"end":{"line":98,"column":null}}]}},"s":{"0":2,"1":2,"2":18,"3":18,"4":18,"5":18,"6":1,"7":1,"8":17,"9":1,"10":1,"11":16,"12":2,"13":2,"14":14,"15":4,"16":4,"17":10,"18":2,"19":2,"20":8,"21":18,"22":5,"23":1,"24":1,"25":1,"26":5,"27":18,"28":16,"29":14,"30":2,"31":18,"32":10,"33":10,"34":10,"35":10,"36":10,"37":9,"38":8,"39":8,"40":18,"41":2,"42":16,"43":8,"44":2,"45":8,"46":1,"47":1,"48":1,"49":1,"50":18,"51":10,"52":10,"53":10,"54":10,"55":1,"56":1,"57":9,"58":1,"59":1,"60":8,"61":0,"62":0,"63":0,"64":0,"65":18,"66":10,"67":18,"68":1,"69":18,"70":1,"71":18,"72":2,"73":18,"74":18,"75":2,"76":2,"77":2,"78":2},"f":{"0":2,"1":18,"2":18,"3":5,"4":16,"5":10,"6":18,"7":10,"8":10,"9":1,"10":1,"11":2},"b":{"0":[1,17],"1":[1,16],"2":[2,14],"3":[4,10],"4":[14,10],"5":[2,8],"6":[1,4],"7":[14,2],"8":[16,9],"9":[8,1],"10":[9,9],"11":[2,16],"12":[18,10,6],"13":[2,6],"14":[10,0],"15":[1,9],"16":[1,8]}}
,"C:\\Users\\Maxence Minguet\\Documents\\Developement\\avaloq\\letter-printer\\src\\LetterDraw.ts": {"path":"C:\\Users\\Maxence Minguet\\Documents\\Developement\\avaloq\\letter-printer\\src\\LetterDraw.ts","statementMap":{"0":{"start":{"line":1,"column":0},"end":{"line":1,"column":39}},"1":{"start":{"line":2,"column":0},"end":{"line":2,"column":44}},"2":{"start":{"line":12,"column":0},"end":{"line":12,"column":null}},"3":{"start":{"line":13,"column":16},"end":{"line":73,"column":4}},"4":{"start":{"line":16,"column":4},"end":{"line":16,"column":null}},"5":{"start":{"line":17,"column":4},"end":{"line":17,"column":null}},"6":{"start":{"line":19,"column":33},"end":{"line":19,"column":57}},"7":{"start":{"line":20,"column":29},"end":{"line":20,"column":58}},"8":{"start":{"line":21,"column":31},"end":{"line":21,"column":80}},"9":{"start":{"line":22,"column":30},"end":{"line":22,"column":81}},"10":{"start":{"line":23,"column":31},"end":{"line":23,"column":72}},"11":{"start":{"line":25,"column":4},"end":{"line":47,"column":null}},"12":{"start":{"line":26,"column":6},"end":{"line":46,"column":20}},"13":{"start":{"line":28,"column":10},"end":{"line":44,"column":null}},"14":{"start":{"line":30,"column":14},"end":{"line":33,"column":16}},"15":{"start":{"line":35,"column":14},"end":{"line":38,"column":16}},"16":{"start":{"line":40,"column":14},"end":{"line":43,"column":16}},"17":{"start":{"line":49,"column":15},"end":{"line":49,"column":17}},"18":{"start":{"line":51,"column":6},"end":{"line":69,"column":22}},"19":{"start":{"line":53,"column":10},"end":{"line":66,"column":null}},"20":{"start":{"line":55,"column":14},"end":{"line":61,"column":17}},"21":{"start":{"line":63,"column":14},"end":{"line":63,"column":89}},"22":{"start":{"line":65,"column":14},"end":{"line":65,"column":89}},"23":{"start":{"line":50,"column":4},"end":{"line":70,"column":null}},"24":{"start":{"line":50,"column":21},"end":{"line":50,"column":22}},"25":{"start":{"line":50,"column":13},"end":{"line":50,"column":21}},"26":{"start":{"line":72,"column":4},"end":{"line":72,"column":16}},"27":{"start":{"line":75,"column":17},"end":{"line":85,"column":4}},"28":{"start":{"line":79,"column":15},"end":{"line":79,"column":17}},"29":{"start":{"line":80,"column":4},"end":{"line":82,"column":null}},"30":{"start":{"line":80,"column":21},"end":{"line":80,"column":22}},"31":{"start":{"line":81,"column":6},"end":{"line":81,"column":42}},"32":{"start":{"line":84,"column":4},"end":{"line":84,"column":16}},"33":{"start":{"line":87,"column":17},"end":{"line":104,"column":4}},"34":{"start":{"line":88,"column":62},"end":{"line":88,"column":72}},"35":{"start":{"line":89,"column":4},"end":{"line":103,"column":null}},"36":{"start":{"line":90,"column":6},"end":{"line":90,"column":85}},"37":{"start":{"line":91,"column":11},"end":{"line":103,"column":null}},"38":{"start":{"line":92,"column":6},"end":{"line":96,"column":27}},"39":{"start":{"line":98,"column":6},"end":{"line":102,"column":27}},"40":{"start":{"line":106,"column":17},"end":{"line":117,"column":4}},"41":{"start":{"line":107,"column":62},"end":{"line":107,"column":72}},"42":{"start":{"line":108,"column":4},"end":{"line":116,"column":null}},"43":{"start":{"line":109,"column":6},"end":{"line":109,"column":72}},"44":{"start":{"line":110,"column":11},"end":{"line":116,"column":null}},"45":{"start":{"line":111,"column":6},"end":{"line":111,"column":72}},"46":{"start":{"line":112,"column":11},"end":{"line":116,"column":null}},"47":{"start":{"line":113,"column":6},"end":{"line":113,"column":72}},"48":{"start":{"line":115,"column":6},"end":{"line":115,"column":72}},"49":{"start":{"line":119,"column":17},"end":{"line":128,"column":4}},"50":{"start":{"line":120,"column":62},"end":{"line":120,"column":72}},"51":{"start":{"line":121,"column":4},"end":{"line":127,"column":null}},"52":{"start":{"line":122,"column":6},"end":{"line":122,"column":72}},"53":{"start":{"line":123,"column":11},"end":{"line":127,"column":null}},"54":{"start":{"line":124,"column":6},"end":{"line":124,"column":72}},"55":{"start":{"line":126,"column":6},"end":{"line":126,"column":72}},"56":{"start":{"line":130,"column":17},"end":{"line":136,"column":4}},"57":{"start":{"line":135,"column":4},"end":{"line":135,"column":53}},"58":{"start":{"line":138,"column":17},"end":{"line":140,"column":4}},"59":{"start":{"line":139,"column":4},"end":{"line":139,"column":34}},"60":{"start":{"line":142,"column":17},"end":{"line":144,"column":4}},"61":{"start":{"line":142,"column":58},"end":{"line":142,"column":null}},"62":{"start":{"line":143,"column":4},"end":{"line":143,"column":93}},"63":{"start":{"line":145,"column":0},"end":{"line":145,"column":null}},"64":{"start":{"line":147,"column":0},"end":{"line":147,"column":26}}},"fnMap":{"0":{"name":"(anonymous_3)","decl":{"start":{"line":12,"column":0},"end":{"line":12,"column":null}},"loc":{"start":{"line":12,"column":0},"end":{"line":12,"column":null}}},"1":{"name":"(anonymous_5)","decl":{"start":{"line":13,"column":23},"end":{"line":13,"column":null}},"loc":{"start":{"line":17,"column":21},"end":{"line":73,"column":3}}},"2":{"name":"(anonymous_6)","decl":{"start":{"line":27,"column":13},"end":{"line":27,"column":14}},"loc":{"start":{"line":27,"column":32},"end":{"line":45,"column":9}}},"3":{"name":"(anonymous_8)","decl":{"start":{"line":52,"column":13},"end":{"line":52,"column":14}},"loc":{"start":{"line":52,"column":32},"end":{"line":67,"column":9}}},"4":{"name":"(anonymous_9)","decl":{"start":{"line":75,"column":34},"end":{"line":75,"column":null}},"loc":{"start":{"line":77,"column":52},"end":{"line":85,"column":3}}},"5":{"name":"(anonymous_10)","decl":{"start":{"line":87,"column":25},"end":{"line":87,"column":26}},"loc":{"start":{"line":87,"column":56},"end":{"line":104,"column":3}}},"6":{"name":"(anonymous_11)","decl":{"start":{"line":106,"column":25},"end":{"line":106,"column":26}},"loc":{"start":{"line":106,"column":56},"end":{"line":117,"column":3}}},"7":{"name":"(anonymous_12)","decl":{"start":{"line":119,"column":25},"end":{"line":119,"column":26}},"loc":{"start":{"line":119,"column":56},"end":{"line":128,"column":3}}},"8":{"name":"(anonymous_13)","decl":{"start":{"line":130,"column":38},"end":{"line":130,"column":null}},"loc":{"start":{"line":133,"column":22},"end":{"line":136,"column":3}}},"9":{"name":"(anonymous_14)","decl":{"start":{"line":138,"column":43},"end":{"line":138,"column":44}},"loc":{"start":{"line":138,"column":75},"end":{"line":140,"column":3}}},"10":{"name":"(anonymous_15)","decl":{"start":{"line":142,"column":29},"end":{"line":142,"column":30}},"loc":{"start":{"line":142,"column":83},"end":{"line":144,"column":3}}}},"branchMap":{"0":{"loc":{"start":{"line":16,"column":4},"end":{"line":16,"column":null}},"type":"if","locations":[{"start":{"line":16,"column":4},"end":{"line":16,"column":null}},{"start":{"line":16,"column":4},"end":{"line":16,"column":null}}]},"1":{"loc":{"start":{"line":17,"column":4},"end":{"line":17,"column":null}},"type":"if","locations":[{"start":{"line":17,"column":4},"end":{"line":17,"column":null}},{"start":{"line":17,"column":4},"end":{"line":17,"column":null}}]},"2":{"loc":{"start":{"line":23,"column":62},"end":{"line":23,"column":65}},"type":"cond-expr","locations":[{"start":{"line":23,"column":62},"end":{"line":23,"column":65}},{"start":{"line":23,"column":68},"end":{"line":23,"column":72}}]},"3":{"loc":{"start":{"line":25,"column":4},"end":{"line":47,"column":null}},"type":"if","locations":[{"start":{"line":25,"column":4},"end":{"line":47,"column":null}},{"start":{"line":25,"column":4},"end":{"line":47,"column":null}}]},"4":{"loc":{"start":{"line":29,"column":12},"end":{"line":33,"column":16}},"type":"switch","locations":[{"start":{"line":29,"column":12},"end":{"line":33,"column":16}},{"start":{"line":34,"column":12},"end":{"line":38,"column":16}},{"start":{"line":39,"column":12},"end":{"line":43,"column":16}}]},"5":{"loc":{"start":{"line":54,"column":12},"end":{"line":61,"column":17}},"type":"switch","locations":[{"start":{"line":54,"column":12},"end":{"line":61,"column":17}},{"start":{"line":62,"column":12},"end":{"line":63,"column":89}},{"start":{"line":64,"column":12},"end":{"line":65,"column":89}}]},"6":{"loc":{"start":{"line":89,"column":4},"end":{"line":103,"column":null}},"type":"if","locations":[{"start":{"line":89,"column":4},"end":{"line":103,"column":null}},{"start":{"line":89,"column":4},"end":{"line":103,"column":null}}]},"7":{"loc":{"start":{"line":91,"column":11},"end":{"line":103,"column":null}},"type":"if","locations":[{"start":{"line":91,"column":11},"end":{"line":103,"column":null}},{"start":{"line":91,"column":11},"end":{"line":103,"column":null}}]},"8":{"loc":{"start":{"line":108,"column":4},"end":{"line":116,"column":null}},"type":"if","locations":[{"start":{"line":108,"column":4},"end":{"line":116,"column":null}},{"start":{"line":108,"column":4},"end":{"line":116,"column":null}}]},"9":{"loc":{"start":{"line":110,"column":11},"end":{"line":116,"column":null}},"type":"if","locations":[{"start":{"line":110,"column":11},"end":{"line":116,"column":null}},{"start":{"line":110,"column":11},"end":{"line":116,"column":null}}]},"10":{"loc":{"start":{"line":112,"column":11},"end":{"line":116,"column":null}},"type":"if","locations":[{"start":{"line":112,"column":11},"end":{"line":116,"column":null}},{"start":{"line":112,"column":11},"end":{"line":116,"column":null}}]},"11":{"loc":{"start":{"line":121,"column":4},"end":{"line":127,"column":null}},"type":"if","locations":[{"start":{"line":121,"column":4},"end":{"line":127,"column":null}},{"start":{"line":121,"column":4},"end":{"line":127,"column":null}}]},"12":{"loc":{"start":{"line":123,"column":11},"end":{"line":127,"column":null}},"type":"if","locations":[{"start":{"line":123,"column":11},"end":{"line":127,"column":null}},{"start":{"line":123,"column":11},"end":{"line":127,"column":null}}]},"13":{"loc":{"start":{"line":142,"column":58},"end":{"line":142,"column":null}},"type":"if","locations":[{"start":{"line":142,"column":58},"end":{"line":142,"column":null}},{"start":{"line":142,"column":58},"end":{"line":142,"column":null}}]}},"s":{"0":2,"1":2,"2":2,"3":2,"4":4,"5":8,"6":4,"7":4,"8":4,"9":4,"10":4,"11":4,"12":2,"13":6,"14":2,"15":2,"16":2,"17":2,"18":10,"19":25,"20":10,"21":5,"22":10,"23":2,"24":2,"25":10,"26":2,"27":2,"28":6,"29":6,"30":6,"31":54,"32":6,"33":2,"34":140,"35":28,"36":4,"37":24,"38":4,"39":20,"40":2,"41":115,"42":23,"43":3,"44":20,"45":3,"46":17,"47":3,"48":14,"49":2,"50":140,"51":28,"52":4,"53":24,"54":4,"55":20,"56":2,"57":17,"58":2,"59":8,"60":2,"61":82,"62":82,"63":2,"64":2},"f":{"0":2,"1":4,"2":6,"3":25,"4":6,"5":28,"6":23,"7":28,"8":17,"9":8,"10":82},"b":{"0":[0,4],"1":[4,0],"2":[2,2],"3":[2,2],"4":[2,2,2],"5":[10,5,10],"6":[4,24],"7":[4,20],"8":[3,20],"9":[3,17],"10":[3,14],"11":[4,24],"12":[4,20],"13":[0,82]}}
,"C:\\Users\\Maxence Minguet\\Documents\\Developement\\avaloq\\letter-printer\\src\\LetterGenerator.ts": {"path":"C:\\Users\\Maxence Minguet\\Documents\\Developement\\avaloq\\letter-printer\\src\\LetterGenerator.ts","statementMap":{"0":{"start":{"line":3,"column":0},"end":{"line":3,"column":38}},"1":{"start":{"line":4,"column":0},"end":{"line":4,"column":48}},"2":{"start":{"line":6,"column":0},"end":{"line":6,"column":null}},"3":{"start":{"line":7,"column":16},"end":{"line":17,"column":4}},"4":{"start":{"line":8,"column":45},"end":{"line":8,"column":70}},"5":{"start":{"line":10,"column":4},"end":{"line":14,"column":null}},"6":{"start":{"line":11,"column":33},"end":{"line":11,"column":62}},"7":{"start":{"line":12,"column":30},"end":{"line":12,"column":90}},"8":{"start":{"line":13,"column":6},"end":{"line":13,"column":21}},"9":{"start":{"line":16,"column":4},"end":{"line":16,"column":16}},"10":{"start":{"line":18,"column":0},"end":{"line":18,"column":null}},"11":{"start":{"line":20,"column":0},"end":{"line":20,"column":31}}},"fnMap":{"0":{"name":"(anonymous_1)","decl":{"start":{"line":6,"column":0},"end":{"line":6,"column":null}},"loc":{"start":{"line":6,"column":0},"end":{"line":6,"column":null}}},"1":{"name":"(anonymous_3)","decl":{"start":{"line":7,"column":27},"end":{"line":7,"column":28}},"loc":{"start":{"line":7,"column":58},"end":{"line":17,"column":3}}}},"branchMap":{"0":{"loc":{"start":{"line":10,"column":4},"end":{"line":14,"column":null}},"type":"if","locations":[{"start":{"line":10,"column":4},"end":{"line":14,"column":null}},{"start":{"line":10,"column":4},"end":{"line":14,"column":null}}]}},"s":{"0":1,"1":1,"2":1,"3":1,"4":3,"5":3,"6":2,"7":2,"8":2,"9":1,"10":1,"11":1},"f":{"0":1,"1":3},"b":{"0":[2,1]}}
,"C:\\Users\\Maxence Minguet\\Documents\\Developement\\avaloq\\letter-printer\\src\\model\\AxeEnum.ts": {"path":"C:\\Users\\Maxence Minguet\\Documents\\Developement\\avaloq\\letter-printer\\src\\model\\AxeEnum.ts","statementMap":{"0":{"start":{"line":1,"column":0},"end":{"line":1,"column":null}},"1":{"start":{"line":2,"column":2},"end":{"line":2,"column":null}},"2":{"start":{"line":3,"column":2},"end":{"line":3,"column":null}},"3":{"start":{"line":6,"column":0},"end":{"line":6,"column":24}}},"fnMap":{"0":{"name":"(anonymous_0)","decl":{"start":{"line":1,"column":0},"end":{"line":1,"column":5}},"loc":{"start":{"line":1,"column":13},"end":{"line":4,"column":1}}}},"branchMap":{"0":{"loc":{"start":{"line":1,"column":5},"end":{"line":1,"column":13}},"type":"binary-expr","locations":[{"start":{"line":1,"column":5},"end":{"line":1,"column":13}},{"start":{"line":1,"column":5},"end":{"line":1,"column":null}}]}},"s":{"0":2,"1":2,"2":2,"3":2},"f":{"0":2},"b":{"0":[2,2]}}
,"C:\\Users\\Maxence Minguet\\Documents\\Developement\\avaloq\\letter-printer\\src\\model\\LetterEnum.ts": {"path":"C:\\Users\\Maxence Minguet\\Documents\\Developement\\avaloq\\letter-printer\\src\\model\\LetterEnum.ts","statementMap":{"0":{"start":{"line":1,"column":0},"end":{"line":1,"column":null}},"1":{"start":{"line":2,"column":2},"end":{"line":2,"column":null}},"2":{"start":{"line":3,"column":2},"end":{"line":3,"column":null}},"3":{"start":{"line":4,"column":2},"end":{"line":4,"column":null}},"4":{"start":{"line":5,"column":2},"end":{"line":5,"column":null}},"5":{"start":{"line":8,"column":28},"end":{"line":19,"column":1}},"6":{"start":{"line":9,"column":2},"end":{"line":18,"column":null}},"7":{"start":{"line":11,"column":6},"end":{"line":11,"column":26}},"8":{"start":{"line":13,"column":6},"end":{"line":13,"column":26}},"9":{"start":{"line":15,"column":6},"end":{"line":15,"column":26}},"10":{"start":{"line":17,"column":6},"end":{"line":17,"column":31}},"11":{"start":{"line":8,"column":13},"end":{"line":8,"column":28}},"12":{"start":{"line":21,"column":0},"end":{"line":21,"column":26}}},"fnMap":{"0":{"name":"(anonymous_0)","decl":{"start":{"line":1,"column":0},"end":{"line":1,"column":5}},"loc":{"start":{"line":1,"column":15},"end":{"line":6,"column":1}}},"1":{"name":"(anonymous_1)","decl":{"start":{"line":8,"column":28},"end":{"line":8,"column":29}},"loc":{"start":{"line":8,"column":43},"end":{"line":19,"column":1}}}},"branchMap":{"0":{"loc":{"start":{"line":1,"column":5},"end":{"line":1,"column":15}},"type":"binary-expr","locations":[{"start":{"line":1,"column":5},"end":{"line":1,"column":15}},{"start":{"line":1,"column":5},"end":{"line":1,"column":null}}]},"1":{"loc":{"start":{"line":10,"column":4},"end":{"line":11,"column":26}},"type":"switch","locations":[{"start":{"line":10,"column":4},"end":{"line":11,"column":26}},{"start":{"line":12,"column":4},"end":{"line":13,"column":26}},{"start":{"line":14,"column":4},"end":{"line":15,"column":26}},{"start":{"line":16,"column":4},"end":{"line":17,"column":31}}]}},"s":{"0":4,"1":4,"2":4,"3":4,"4":4,"5":4,"6":20,"7":9,"8":5,"9":5,"10":1,"11":4,"12":4},"f":{"0":4,"1":20},"b":{"0":[4,4],"1":[9,5,5,1]}}
}
