TN:
SF:src\ArgumentParsing.ts
FN:4,(anonymous_6)
FN:11,ArgumentParsing
FN:17,(anonymous_8)
FN:37,(anonymous_9)
FN:49,(anonymous_10)
FN:59,(anonymous_11)
FN:67,(anonymous_12)
FN:87,(anonymous_13)
FN:109,(anonymous_14)
FN:123,(anonymous_15)
FN:128,(anonymous_16)
FN:133,(anonymous_17)
FNF:12
FNH:12
FNDA:2,(anonymous_6)
FNDA:18,ArgumentParsing
FNDA:18,(anonymous_8)
FNDA:5,(anonymous_9)
FNDA:16,(anonymous_10)
FNDA:10,(anonymous_11)
FNDA:18,(anonymous_12)
FNDA:10,(anonymous_13)
FNDA:10,(anonymous_14)
FNDA:1,(anonymous_15)
FNDA:1,(anonymous_16)
FNDA:2,(anonymous_17)
DA:2,2
DA:4,2
DA:5,2
DA:6,2
DA:9,18
DA:11,18
DA:13,18
DA:14,18
DA:17,18
DA:18,18
DA:19,1
DA:20,1
DA:21,17
DA:22,1
DA:23,1
DA:24,16
DA:25,2
DA:26,2
DA:27,14
DA:28,4
DA:29,4
DA:30,10
DA:31,2
DA:32,2
DA:34,8
DA:37,18
DA:38,5
DA:39,1
DA:40,1
DA:41,1
DA:43,5
DA:49,18
DA:50,16
DA:54,14
DA:56,2
DA:59,18
DA:60,10
DA:61,10
DA:62,10
DA:63,10
DA:64,10
DA:65,9
DA:66,8
DA:67,8
DA:68,18
DA:69,2
DA:71,16
DA:74,8
DA:75,2
DA:77,8
DA:79,1
DA:80,1
DA:82,1
DA:83,1
DA:87,18
DA:88,10
DA:89,10
DA:90,10
DA:91,10
DA:92,1
DA:93,1
DA:95,9
DA:96,1
DA:97,1
DA:99,8
DA:101,0
DA:102,0
DA:104,0
DA:105,0
DA:109,18
DA:110,10
DA:123,18
DA:124,1
DA:128,18
DA:129,1
DA:133,18
DA:134,2
DA:137,2
DA:139,2
LF:79
LH:75
BRDA:18,0,0,1
BRDA:18,0,1,17
BRDA:21,1,0,1
BRDA:21,1,1,16
BRDA:24,2,0,2
BRDA:24,2,1,14
BRDA:27,3,0,4
BRDA:27,3,1,10
BRDA:27,4,0,14
BRDA:27,4,1,10
BRDA:30,5,0,2
BRDA:30,5,1,8
BRDA:38,6,0,1
BRDA:38,6,1,4
BRDA:50,7,0,14
BRDA:50,7,1,2
BRDA:51,8,0,16
BRDA:51,8,1,9
BRDA:65,9,0,8
BRDA:65,9,1,1
BRDA:65,10,0,9
BRDA:65,10,1,9
BRDA:68,11,0,2
BRDA:68,11,1,16
BRDA:68,12,0,18
BRDA:68,12,1,10
BRDA:68,12,2,6
BRDA:74,13,0,2
BRDA:74,13,1,6
BRDA:90,14,0,10
BRDA:90,14,1,0
BRDA:91,15,0,1
BRDA:91,15,1,9
BRDA:95,16,0,1
BRDA:95,16,1,8
BRF:35
BRH:34
end_of_record
TN:
SF:src\LetterDraw.ts
FN:12,(anonymous_3)
FN:13,(anonymous_5)
FN:27,(anonymous_6)
FN:52,(anonymous_8)
FN:75,(anonymous_9)
FN:87,(anonymous_10)
FN:106,(anonymous_11)
FN:119,(anonymous_12)
FN:130,(anonymous_13)
FN:138,(anonymous_14)
FN:142,(anonymous_15)
FNF:11
FNH:11
FNDA:2,(anonymous_3)
FNDA:4,(anonymous_5)
FNDA:6,(anonymous_6)
FNDA:25,(anonymous_8)
FNDA:6,(anonymous_9)
FNDA:28,(anonymous_10)
FNDA:23,(anonymous_11)
FNDA:28,(anonymous_12)
FNDA:17,(anonymous_13)
FNDA:8,(anonymous_14)
FNDA:82,(anonymous_15)
DA:1,2
DA:2,2
DA:12,2
DA:13,2
DA:16,4
DA:17,8
DA:19,4
DA:20,4
DA:21,4
DA:22,4
DA:23,4
DA:25,4
DA:26,2
DA:28,6
DA:30,2
DA:35,2
DA:40,2
DA:49,2
DA:50,10
DA:51,10
DA:53,25
DA:55,10
DA:63,5
DA:65,10
DA:72,2
DA:75,2
DA:79,6
DA:80,6
DA:81,54
DA:84,6
DA:87,2
DA:88,140
DA:89,28
DA:90,4
DA:91,24
DA:92,4
DA:98,20
DA:106,2
DA:107,115
DA:108,23
DA:109,3
DA:110,20
DA:111,3
DA:112,17
DA:113,3
DA:115,14
DA:119,2
DA:120,140
DA:121,28
DA:122,4
DA:123,24
DA:124,4
DA:126,20
DA:130,2
DA:135,17
DA:138,2
DA:139,8
DA:142,82
DA:143,82
DA:145,2
DA:147,2
LF:61
LH:61
BRDA:16,0,0,0
BRDA:16,0,1,4
BRDA:17,1,0,4
BRDA:17,1,1,0
BRDA:23,2,0,2
BRDA:23,2,1,2
BRDA:25,3,0,2
BRDA:25,3,1,2
BRDA:29,4,0,2
BRDA:29,4,1,2
BRDA:29,4,2,2
BRDA:54,5,0,10
BRDA:54,5,1,5
BRDA:54,5,2,10
BRDA:89,6,0,4
BRDA:89,6,1,24
BRDA:91,7,0,4
BRDA:91,7,1,20
BRDA:108,8,0,3
BRDA:108,8,1,20
BRDA:110,9,0,3
BRDA:110,9,1,17
BRDA:112,10,0,3
BRDA:112,10,1,14
BRDA:121,11,0,4
BRDA:121,11,1,24
BRDA:123,12,0,4
BRDA:123,12,1,20
BRDA:142,13,0,0
BRDA:142,13,1,82
BRF:30
BRH:27
end_of_record
TN:
SF:src\LetterGenerator.ts
FN:6,(anonymous_1)
FN:7,(anonymous_3)
FNF:2
FNH:2
FNDA:1,(anonymous_1)
FNDA:3,(anonymous_3)
DA:3,1
DA:4,1
DA:6,1
DA:7,1
DA:8,3
DA:10,3
DA:11,2
DA:12,2
DA:13,2
DA:16,1
DA:18,1
DA:20,1
LF:12
LH:12
BRDA:10,0,0,2
BRDA:10,0,1,1
BRF:2
BRH:2
end_of_record
TN:
SF:src\model\AxeEnum.ts
FN:1,(anonymous_0)
FNF:1
FNH:1
FNDA:2,(anonymous_0)
DA:1,2
DA:2,2
DA:3,2
DA:6,2
LF:4
LH:4
BRDA:1,0,0,2
BRDA:1,0,1,2
BRF:2
BRH:2
end_of_record
TN:
SF:src\model\LetterEnum.ts
FN:1,(anonymous_0)
FN:8,(anonymous_1)
FNF:2
FNH:2
FNDA:4,(anonymous_0)
FNDA:20,(anonymous_1)
DA:1,4
DA:2,4
DA:3,4
DA:4,4
DA:5,4
DA:8,4
DA:9,20
DA:11,9
DA:13,5
DA:15,5
DA:17,1
DA:21,4
LF:12
LH:12
BRDA:1,0,0,4
BRDA:1,0,1,4
BRDA:10,1,0,9
BRDA:10,1,1,5
BRDA:10,1,2,5
BRDA:10,1,3,1
BRF:6
BRH:6
end_of_record
